1545573640158	mozrunner::runner	INFO	Running command: "/usr/bin/firefox" "-marionette" "-foreground" "-no-remote" "-profile" "/tmp/rust_mozprofile.ZJSgAc3JILkd"
1545573640491	addons.webextension.screenshots@mozilla.org	WARN	Loading extension 'screenshots@mozilla.org': Reading manifest: Invalid host permission: resource://pdf.js/
1545573640491	addons.webextension.screenshots@mozilla.org	WARN	Loading extension 'screenshots@mozilla.org': Reading manifest: Invalid host permission: about:reader*

(firefox:8978): Gtk-WARNING **: 15:00:40.713: Theme parsing error: <data>:1:34: Expected ')' in color definition

(firefox:8978): Gtk-WARNING **: 15:00:40.713: Theme parsing error: <data>:1:77: Expected ')' in color definition
1545573641587	Marionette	INFO	Listening on port 36773
1545573641664	Marionette	WARN	TLS certificate errors will be ignored for this session
1545573651158	Marionette	INFO	Stopped listening on port 36773
1545573812994	mozrunner::runner	INFO	Running command: "/usr/bin/firefox" "-marionette" "-foreground" "-no-remote" "-profile" "/tmp/rust_mozprofile.Lh5AjF1WJbJt"
1545573813322	addons.webextension.screenshots@mozilla.org	WARN	Loading extension 'screenshots@mozilla.org': Reading manifest: Invalid host permission: resource://pdf.js/
1545573813322	addons.webextension.screenshots@mozilla.org	WARN	Loading extension 'screenshots@mozilla.org': Reading manifest: Invalid host permission: about:reader*

(firefox:9435): Gtk-WARNING **: 15:03:33.540: Theme parsing error: <data>:1:34: Expected ')' in color definition

(firefox:9435): Gtk-WARNING **: 15:03:33.540: Theme parsing error: <data>:1:77: Expected ')' in color definition
1545573814391	Marionette	INFO	Listening on port 40365
1545573814402	Marionette	WARN	TLS certificate errors will be ignored for this session
[Parent 9435, Gecko_IOThread] WARNING: pipe error (84): Connection reset by peer: file /build/firefox-wWf_B4/firefox-64.0+build3/ipc/chromium/src/chrome/common/ipc_channel_posix.cc, line 363
[Parent 9435, Gecko_IOThread] WARNING: pipe error (78): Connection reset by peer: file /build/firefox-wWf_B4/firefox-64.0+build3/ipc/chromium/src/chrome/common/ipc_channel_posix.cc, line 363
1545573820709	Marionette	INFO	Stopped listening on port 40365
1545574002719	mozrunner::runner	INFO	Running command: "/usr/bin/firefox" "-marionette" "-foreground" "-no-remote" "-profile" "/tmp/rust_mozprofile.cnqal3Hwv1El"
1545574003068	addons.webextension.screenshots@mozilla.org	WARN	Loading extension 'screenshots@mozilla.org': Reading manifest: Invalid host permission: resource://pdf.js/
1545574003068	addons.webextension.screenshots@mozilla.org	WARN	Loading extension 'screenshots@mozilla.org': Reading manifest: Invalid host permission: about:reader*

(firefox:9768): Gtk-WARNING **: 15:06:43.286: Theme parsing error: <data>:1:34: Expected ')' in color definition

(firefox:9768): Gtk-WARNING **: 15:06:43.286: Theme parsing error: <data>:1:77: Expected ')' in color definition
1545574004119	Marionette	INFO	Listening on port 35995
1545574004128	Marionette	WARN	TLS certificate errors will be ignored for this session
[Parent 9768, Gecko_IOThread] WARNING: pipe error (78): Connection reset by peer: file /build/firefox-wWf_B4/firefox-64.0+build3/ipc/chromium/src/chrome/common/ipc_channel_posix.cc, line 363
[Parent 9768, Gecko_IOThread] WARNING: pipe error (106): Connection reset by peer: file /build/firefox-wWf_B4/firefox-64.0+build3/ipc/chromium/src/chrome/common/ipc_channel_posix.cc, line 363
1545574007970	Marionette	INFO	Stopped listening on port 35995
1545574145845	mozrunner::runner	INFO	Running command: "/usr/bin/firefox" "-marionette" "-foreground" "-no-remote" "-profile" "/tmp/rust_mozprofile.qE7jgZ3zYjrQ"
1545574146171	addons.webextension.screenshots@mozilla.org	WARN	Loading extension 'screenshots@mozilla.org': Reading manifest: Invalid host permission: resource://pdf.js/
1545574146171	addons.webextension.screenshots@mozilla.org	WARN	Loading extension 'screenshots@mozilla.org': Reading manifest: Invalid host permission: about:reader*

(firefox:10155): Gtk-WARNING **: 15:09:06.410: Theme parsing error: <data>:1:34: Expected ')' in color definition

(firefox:10155): Gtk-WARNING **: 15:09:06.410: Theme parsing error: <data>:1:77: Expected ')' in color definition
1545574147280	Marionette	INFO	Listening on port 41865
1545574147356	Marionette	WARN	TLS certificate errors will be ignored for this session
[Parent 10155, Gecko_IOThread] WARNING: pipe error (92): Connection reset by peer: file /build/firefox-wWf_B4/firefox-64.0+build3/ipc/chromium/src/chrome/common/ipc_channel_posix.cc, line 363
[Parent 10155, Gecko_IOThread] WARNING: pipe error (78): Connection reset by peer: file /build/firefox-wWf_B4/firefox-64.0+build3/ipc/chromium/src/chrome/common/ipc_channel_posix.cc, line 363
1545574151654	Marionette	INFO	Stopped listening on port 41865
1545574181346	mozrunner::runner	INFO	Running command: "/usr/bin/firefox" "-marionette" "-foreground" "-no-remote" "-profile" "/tmp/rust_mozprofile.boVuBK5o4sje"
1545574181673	addons.webextension.screenshots@mozilla.org	WARN	Loading extension 'screenshots@mozilla.org': Reading manifest: Invalid host permission: resource://pdf.js/
1545574181673	addons.webextension.screenshots@mozilla.org	WARN	Loading extension 'screenshots@mozilla.org': Reading manifest: Invalid host permission: about:reader*

(firefox:10511): Gtk-WARNING **: 15:09:41.897: Theme parsing error: <data>:1:34: Expected ')' in color definition

(firefox:10511): Gtk-WARNING **: 15:09:41.897: Theme parsing error: <data>:1:77: Expected ')' in color definition
1545574182795	Marionette	INFO	Listening on port 36741
1545574182854	Marionette	WARN	TLS certificate errors will be ignored for this session
[Parent 10511, Gecko_IOThread] WARNING: pipe error (78): Connection reset by peer: file /build/firefox-wWf_B4/firefox-64.0+build3/ipc/chromium/src/chrome/common/ipc_channel_posix.cc, line 363
[Parent 10511, Gecko_IOThread] WARNING: pipe error (86): Connection reset by peer: file /build/firefox-wWf_B4/firefox-64.0+build3/ipc/chromium/src/chrome/common/ipc_channel_posix.cc, line 363
1545574186227	Marionette	INFO	Stopped listening on port 36741
1545574215721	mozrunner::runner	INFO	Running command: "/usr/bin/firefox" "-marionette" "-foreground" "-no-remote" "-profile" "/tmp/rust_mozprofile.LoRuCoeN9K6D"
1545574216047	addons.webextension.screenshots@mozilla.org	WARN	Loading extension 'screenshots@mozilla.org': Reading manifest: Invalid host permission: resource://pdf.js/
1545574216047	addons.webextension.screenshots@mozilla.org	WARN	Loading extension 'screenshots@mozilla.org': Reading manifest: Invalid host permission: about:reader*

(firefox:10828): Gtk-WARNING **: 15:10:16.276: Theme parsing error: <data>:1:34: Expected ')' in color definition

(firefox:10828): Gtk-WARNING **: 15:10:16.276: Theme parsing error: <data>:1:77: Expected ')' in color definition
1545574217143	Marionette	INFO	Listening on port 40415
1545574217227	Marionette	WARN	TLS certificate errors will be ignored for this session
[Parent 10828, Gecko_IOThread] WARNING: pipe error (95): Connection reset by peer: file /build/firefox-wWf_B4/firefox-64.0+build3/ipc/chromium/src/chrome/common/ipc_channel_posix.cc, line 363
[Parent 10828, Gecko_IOThread] WARNING: pipe error (78): Connection reset by peer: file /build/firefox-wWf_B4/firefox-64.0+build3/ipc/chromium/src/chrome/common/ipc_channel_posix.cc, line 363
1545574220647	Marionette	INFO	Stopped listening on port 40415
1545574274524	mozrunner::runner	INFO	Running command: "/usr/bin/firefox" "-marionette" "-foreground" "-no-remote" "-profile" "/tmp/rust_mozprofile.Xtf6cY8BCbWV"
1545574274852	addons.webextension.screenshots@mozilla.org	WARN	Loading extension 'screenshots@mozilla.org': Reading manifest: Invalid host permission: resource://pdf.js/
1545574274853	addons.webextension.screenshots@mozilla.org	WARN	Loading extension 'screenshots@mozilla.org': Reading manifest: Invalid host permission: about:reader*

(firefox:11150): Gtk-WARNING **: 15:11:15.083: Theme parsing error: <data>:1:34: Expected ')' in color definition

(firefox:11150): Gtk-WARNING **: 15:11:15.083: Theme parsing error: <data>:1:77: Expected ')' in color definition
1545574276007	Marionette	INFO	Listening on port 41665
1545574276034	Marionette	WARN	TLS certificate errors will be ignored for this session
[Parent 11150, Gecko_IOThread] WARNING: pipe error (84): Connection reset by peer: file /build/firefox-wWf_B4/firefox-64.0+build3/ipc/chromium/src/chrome/common/ipc_channel_posix.cc, line 363
[Parent 11150, Gecko_IOThread] WARNING: pipe error (78): Connection reset by peer: file /build/firefox-wWf_B4/firefox-64.0+build3/ipc/chromium/src/chrome/common/ipc_channel_posix.cc, line 363
1545574278956	Marionette	INFO	Stopped listening on port 41665
1545574304665	mozrunner::runner	INFO	Running command: "/usr/bin/firefox" "-marionette" "-foreground" "-no-remote" "-profile" "/tmp/rust_mozprofile.d1Vs0Y1Yjys2"
1545574304988	addons.webextension.screenshots@mozilla.org	WARN	Loading extension 'screenshots@mozilla.org': Reading manifest: Invalid host permission: resource://pdf.js/
1545574304989	addons.webextension.screenshots@mozilla.org	WARN	Loading extension 'screenshots@mozilla.org': Reading manifest: Invalid host permission: about:reader*

(firefox:11473): Gtk-WARNING **: 15:11:45.204: Theme parsing error: <data>:1:34: Expected ')' in color definition

(firefox:11473): Gtk-WARNING **: 15:11:45.204: Theme parsing error: <data>:1:77: Expected ')' in color definition
1545574306084	Marionette	INFO	Listening on port 43929
1545574306180	Marionette	WARN	TLS certificate errors will be ignored for this session
JavaScript warning: http://localhost:8080/assets/vendor-91842180ec7b330ba42d84666b1f8c58.js, line 2053: unreachable code after return statement
IPDL protocol error: Handler returned error code!

###!!! [Parent][DispatchAsyncMessage] Error: PLayerTransaction::Msg_ReleaseLayer Processing error: message was deserialized, but the handler returned false (indicating failure)

[Parent 11473, Gecko_IOThread] WARNING: pipe error (78): Connection reset by peer: file /build/firefox-wWf_B4/firefox-64.0+build3/ipc/chromium/src/chrome/common/ipc_channel_posix.cc, line 363
[Parent 11473, Gecko_IOThread] WARNING: pipe error (97): Connection reset by peer: file /build/firefox-wWf_B4/firefox-64.0+build3/ipc/chromium/src/chrome/common/ipc_channel_posix.cc, line 363
1545574320927	Marionette	INFO	Stopped listening on port 43929
1545574348769	mozrunner::runner	INFO	Running command: "/usr/bin/firefox" "-marionette" "-foreground" "-no-remote" "-profile" "/tmp/rust_mozprofile.AygOfyOTQNVR"
1545574349114	addons.webextension.screenshots@mozilla.org	WARN	Loading extension 'screenshots@mozilla.org': Reading manifest: Invalid host permission: resource://pdf.js/
1545574349114	addons.webextension.screenshots@mozilla.org	WARN	Loading extension 'screenshots@mozilla.org': Reading manifest: Invalid host permission: about:reader*

(firefox:11805): Gtk-WARNING **: 15:12:29.344: Theme parsing error: <data>:1:34: Expected ')' in color definition

(firefox:11805): Gtk-WARNING **: 15:12:29.344: Theme parsing error: <data>:1:77: Expected ')' in color definition
1545574350231	Marionette	INFO	Listening on port 44423
1545574350281	Marionette	WARN	TLS certificate errors will be ignored for this session
JavaScript warning: http://localhost:8080/assets/vendor-91842180ec7b330ba42d84666b1f8c58.js, line 2053: unreachable code after return statement
console.error: BroadcastService: 
  receivedBroadcastMessage: handler for
  remote-settings/monitor_changes
  threw error:
  Message: Error: Polling for changes failed: NetworkError when attempting to fetch resource..
  Stack:
    remoteSettingsFunction/remoteSettings.pollChanges@resource://services-settings/remote-settings.js:750:13

[Parent 11805, Gecko_IOThread] WARNING: pipe error (68): Connection reset by peer: file /build/firefox-wWf_B4/firefox-64.0+build3/ipc/chromium/src/chrome/common/ipc_channel_posix.cc, line 363
[Parent 11805, Gecko_IOThread] WARNING: pipe error (78): Connection reset by peer: file /build/firefox-wWf_B4/firefox-64.0+build3/ipc/chromium/src/chrome/common/ipc_channel_posix.cc, line 363
1545574481941	Marionette	INFO	Stopped listening on port 44423
1545574528213	mozrunner::runner	INFO	Running command: "/usr/bin/firefox" "-marionette" "-foreground" "-no-remote" "-profile" "/tmp/rust_mozprofile.GnNCGI6OjSuN"
1545574528549	addons.webextension.screenshots@mozilla.org	WARN	Loading extension 'screenshots@mozilla.org': Reading manifest: Invalid host permission: resource://pdf.js/
1545574528549	addons.webextension.screenshots@mozilla.org	WARN	Loading extension 'screenshots@mozilla.org': Reading manifest: Invalid host permission: about:reader*

(firefox:12138): Gtk-WARNING **: 15:15:28.774: Theme parsing error: <data>:1:34: Expected ')' in color definition

(firefox:12138): Gtk-WARNING **: 15:15:28.774: Theme parsing error: <data>:1:77: Expected ')' in color definition
1545574529645	Marionette	INFO	Listening on port 45067
1545574529718	Marionette	WARN	TLS certificate errors will be ignored for this session
JavaScript warning: http://localhost:8080/assets/vendor-91842180ec7b330ba42d84666b1f8c58.js, line 2053: unreachable code after return statement
[Parent 12138, Gecko_IOThread] WARNING: pipe error (68): Connection reset by peer: file /build/firefox-wWf_B4/firefox-64.0+build3/ipc/chromium/src/chrome/common/ipc_channel_posix.cc, line 363
[Parent 12138, Gecko_IOThread] WARNING: pipe error (78): Connection reset by peer: file /build/firefox-wWf_B4/firefox-64.0+build3/ipc/chromium/src/chrome/common/ipc_channel_posix.cc, line 363
1545574532573	Marionette	INFO	Stopped listening on port 45067
1545574566834	mozrunner::runner	INFO	Running command: "/usr/bin/firefox" "-marionette" "-foreground" "-no-remote" "-profile" "/tmp/rust_mozprofile.9oohnz0RZvFv"
1545574567153	addons.webextension.screenshots@mozilla.org	WARN	Loading extension 'screenshots@mozilla.org': Reading manifest: Invalid host permission: resource://pdf.js/
1545574567153	addons.webextension.screenshots@mozilla.org	WARN	Loading extension 'screenshots@mozilla.org': Reading manifest: Invalid host permission: about:reader*

(firefox:12458): Gtk-WARNING **: 15:16:07.385: Theme parsing error: <data>:1:34: Expected ')' in color definition

(firefox:12458): Gtk-WARNING **: 15:16:07.385: Theme parsing error: <data>:1:77: Expected ')' in color definition
1545574568259	Marionette	INFO	Listening on port 34823
1545574568339	Marionette	WARN	TLS certificate errors will be ignored for this session
JavaScript warning: http://localhost:8080/assets/vendor-91842180ec7b330ba42d84666b1f8c58.js, line 2053: unreachable code after return statement
[Parent 12458, Gecko_IOThread] WARNING: pipe error (78): Connection reset by peer: file /build/firefox-wWf_B4/firefox-64.0+build3/ipc/chromium/src/chrome/common/ipc_channel_posix.cc, line 363
[Parent 12458, Gecko_IOThread] WARNING: pipe error (99): Connection reset by peer: file /build/firefox-wWf_B4/firefox-64.0+build3/ipc/chromium/src/chrome/common/ipc_channel_posix.cc, line 363
1545574570892	Marionette	INFO	Stopped listening on port 34823
1545574739457	mozrunner::runner	INFO	Running command: "/usr/bin/firefox" "-marionette" "-foreground" "-no-remote" "-profile" "/tmp/rust_mozprofile.XTPr8YdFS6ux"
1545574739789	addons.webextension.screenshots@mozilla.org	WARN	Loading extension 'screenshots@mozilla.org': Reading manifest: Invalid host permission: resource://pdf.js/
1545574739789	addons.webextension.screenshots@mozilla.org	WARN	Loading extension 'screenshots@mozilla.org': Reading manifest: Invalid host permission: about:reader*

(firefox:12804): Gtk-WARNING **: 15:19:00.019: Theme parsing error: <data>:1:34: Expected ')' in color definition

(firefox:12804): Gtk-WARNING **: 15:19:00.019: Theme parsing error: <data>:1:77: Expected ')' in color definition
1545574740898	Marionette	INFO	Listening on port 46817
1545574740963	Marionette	WARN	TLS certificate errors will be ignored for this session
JavaScript warning: http://localhost:8080/assets/vendor-91842180ec7b330ba42d84666b1f8c58.js, line 2053: unreachable code after return statement
[Parent 12804, Gecko_IOThread] WARNING: pipe error (84): Connection reset by peer: file /build/firefox-wWf_B4/firefox-64.0+build3/ipc/chromium/src/chrome/common/ipc_channel_posix.cc, line 363
[Parent 12804, Gecko_IOThread] WARNING: pipe error (78): Connection reset by peer: file /build/firefox-wWf_B4/firefox-64.0+build3/ipc/chromium/src/chrome/common/ipc_channel_posix.cc, line 363
1545574744231	Marionette	INFO	Stopped listening on port 46817
1545576351710	mozrunner::runner	INFO	Running command: "/usr/bin/firefox" "-marionette" "-foreground" "-no-remote" "-profile" "/tmp/rust_mozprofile.zDEvRDAHezzw"
1545576352042	addons.webextension.screenshots@mozilla.org	WARN	Loading extension 'screenshots@mozilla.org': Reading manifest: Invalid host permission: resource://pdf.js/
1545576352042	addons.webextension.screenshots@mozilla.org	WARN	Loading extension 'screenshots@mozilla.org': Reading manifest: Invalid host permission: about:reader*

(firefox:13330): Gtk-WARNING **: 15:45:52.260: Theme parsing error: <data>:1:34: Expected ')' in color definition

(firefox:13330): Gtk-WARNING **: 15:45:52.260: Theme parsing error: <data>:1:77: Expected ')' in color definition
1545576353168	Marionette	INFO	Listening on port 36755
1545576353227	Marionette	WARN	TLS certificate errors will be ignored for this session
JavaScript warning: http://localhost:8080/assets/vendor-91842180ec7b330ba42d84666b1f8c58.js, line 2053: unreachable code after return statement
[Parent 13330, Gecko_IOThread] WARNING: pipe error (78): Connection reset by peer: file /build/firefox-wWf_B4/firefox-64.0+build3/ipc/chromium/src/chrome/common/ipc_channel_posix.cc, line 363
[Parent 13330, Gecko_IOThread] WARNING: pipe error (95): Connection reset by peer: file /build/firefox-wWf_B4/firefox-64.0+build3/ipc/chromium/src/chrome/common/ipc_channel_posix.cc, line 363
1545576356994	Marionette	INFO	Stopped listening on port 36755
1545576394043	mozrunner::runner	INFO	Running command: "/usr/bin/firefox" "-marionette" "-foreground" "-no-remote" "-profile" "/tmp/rust_mozprofile.DjN4YQQHCiZq"
1545576394372	addons.webextension.screenshots@mozilla.org	WARN	Loading extension 'screenshots@mozilla.org': Reading manifest: Invalid host permission: resource://pdf.js/
1545576394373	addons.webextension.screenshots@mozilla.org	WARN	Loading extension 'screenshots@mozilla.org': Reading manifest: Invalid host permission: about:reader*

(firefox:13652): Gtk-WARNING **: 15:46:34.592: Theme parsing error: <data>:1:34: Expected ')' in color definition

(firefox:13652): Gtk-WARNING **: 15:46:34.592: Theme parsing error: <data>:1:77: Expected ')' in color definition
1545576395466	Marionette	INFO	Listening on port 45249
1545576395556	Marionette	WARN	TLS certificate errors will be ignored for this session
JavaScript warning: http://localhost:8080/assets/vendor-91842180ec7b330ba42d84666b1f8c58.js, line 2053: unreachable code after return statement
[Parent 13652, Gecko_IOThread] WARNING: pipe error (78): Connection reset by peer: file /build/firefox-wWf_B4/firefox-64.0+build3/ipc/chromium/src/chrome/common/ipc_channel_posix.cc, line 363
[Parent 13652, Gecko_IOThread] WARNING: pipe error (92): Connection reset by peer: file /build/firefox-wWf_B4/firefox-64.0+build3/ipc/chromium/src/chrome/common/ipc_channel_posix.cc, line 363
1545576399094	Marionette	INFO	Stopped listening on port 45249
1545576414363	mozrunner::runner	INFO	Running command: "/usr/bin/firefox" "-marionette" "-foreground" "-no-remote" "-profile" "/tmp/rust_mozprofile.WeLMBEMrYVMs"
1545576414703	addons.webextension.screenshots@mozilla.org	WARN	Loading extension 'screenshots@mozilla.org': Reading manifest: Invalid host permission: resource://pdf.js/
1545576414703	addons.webextension.screenshots@mozilla.org	WARN	Loading extension 'screenshots@mozilla.org': Reading manifest: Invalid host permission: about:reader*

(firefox:13956): Gtk-WARNING **: 15:46:54.934: Theme parsing error: <data>:1:34: Expected ')' in color definition

(firefox:13956): Gtk-WARNING **: 15:46:54.934: Theme parsing error: <data>:1:77: Expected ')' in color definition
1545576415767	Marionette	INFO	Listening on port 39369
1545576415874	Marionette	WARN	TLS certificate errors will be ignored for this session
JavaScript warning: http://localhost:8080/assets/vendor-91842180ec7b330ba42d84666b1f8c58.js, line 2053: unreachable code after return statement
[Parent 13956, Gecko_IOThread] WARNING: pipe error (92): Connection reset by peer: file /build/firefox-wWf_B4/firefox-64.0+build3/ipc/chromium/src/chrome/common/ipc_channel_posix.cc, line 363
[Parent 13956, Gecko_IOThread] WARNING: pipe error (78): Connection reset by peer: file /build/firefox-wWf_B4/firefox-64.0+build3/ipc/chromium/src/chrome/common/ipc_channel_posix.cc, line 363
1545576419143	Marionette	INFO	Stopped listening on port 39369
1545576495102	mozrunner::runner	INFO	Running command: "/usr/bin/firefox" "-marionette" "-foreground" "-no-remote" "-profile" "/tmp/rust_mozprofile.Ew5wVBhhdjTd"
1545576495443	addons.webextension.screenshots@mozilla.org	WARN	Loading extension 'screenshots@mozilla.org': Reading manifest: Invalid host permission: resource://pdf.js/
1545576495443	addons.webextension.screenshots@mozilla.org	WARN	Loading extension 'screenshots@mozilla.org': Reading manifest: Invalid host permission: about:reader*

(firefox:14350): Gtk-WARNING **: 15:48:15.662: Theme parsing error: <data>:1:34: Expected ')' in color definition

(firefox:14350): Gtk-WARNING **: 15:48:15.662: Theme parsing error: <data>:1:77: Expected ')' in color definition
1545576496527	Marionette	INFO	Listening on port 43257
1545576496616	Marionette	WARN	TLS certificate errors will be ignored for this session
JavaScript warning: http://localhost:8080/assets/vendor-91842180ec7b330ba42d84666b1f8c58.js, line 2053: unreachable code after return statement
[Parent 14350, Gecko_IOThread] WARNING: pipe error (78): Connection reset by peer: file /build/firefox-wWf_B4/firefox-64.0+build3/ipc/chromium/src/chrome/common/ipc_channel_posix.cc, line 363
[Parent 14350, Gecko_IOThread] WARNING: pipe error (84): Connection reset by peer: file /build/firefox-wWf_B4/firefox-64.0+build3/ipc/chromium/src/chrome/common/ipc_channel_posix.cc, line 363
1545576499574	Marionette	INFO	Stopped listening on port 43257
1545576517551	mozrunner::runner	INFO	Running command: "/usr/bin/firefox" "-marionette" "-foreground" "-no-remote" "-profile" "/tmp/rust_mozprofile.MiAEGGXP2xvo"
1545576517881	addons.webextension.screenshots@mozilla.org	WARN	Loading extension 'screenshots@mozilla.org': Reading manifest: Invalid host permission: resource://pdf.js/
1545576517881	addons.webextension.screenshots@mozilla.org	WARN	Loading extension 'screenshots@mozilla.org': Reading manifest: Invalid host permission: about:reader*

(firefox:14693): Gtk-WARNING **: 15:48:38.113: Theme parsing error: <data>:1:34: Expected ')' in color definition

(firefox:14693): Gtk-WARNING **: 15:48:38.113: Theme parsing error: <data>:1:77: Expected ')' in color definition
1545576518998	Marionette	INFO	Listening on port 38143
1545576519061	Marionette	WARN	TLS certificate errors will be ignored for this session
JavaScript warning: http://localhost:8080/assets/vendor-91842180ec7b330ba42d84666b1f8c58.js, line 2053: unreachable code after return statement
[Parent 14693, Gecko_IOThread] WARNING: pipe error (78): Connection reset by peer: file /build/firefox-wWf_B4/firefox-64.0+build3/ipc/chromium/src/chrome/common/ipc_channel_posix.cc, line 363
[Parent 14693, Gecko_IOThread] WARNING: pipe error (95): Connection reset by peer: file /build/firefox-wWf_B4/firefox-64.0+build3/ipc/chromium/src/chrome/common/ipc_channel_posix.cc, line 363
1545576521822	Marionette	INFO	Stopped listening on port 38143
1545576624816	mozrunner::runner	INFO	Running command: "/usr/bin/firefox" "-marionette" "-foreground" "-no-remote" "-profile" "/tmp/rust_mozprofile.OfBUOe5h0d30"
1545576625149	addons.webextension.screenshots@mozilla.org	WARN	Loading extension 'screenshots@mozilla.org': Reading manifest: Invalid host permission: resource://pdf.js/
1545576625150	addons.webextension.screenshots@mozilla.org	WARN	Loading extension 'screenshots@mozilla.org': Reading manifest: Invalid host permission: about:reader*

(firefox:15029): Gtk-WARNING **: 15:50:25.368: Theme parsing error: <data>:1:34: Expected ')' in color definition

(firefox:15029): Gtk-WARNING **: 15:50:25.368: Theme parsing error: <data>:1:77: Expected ')' in color definition
1545576626175	Marionette	INFO	Listening on port 36085
1545576626229	Marionette	WARN	TLS certificate errors will be ignored for this session
JavaScript warning: http://localhost:8080/assets/vendor-91842180ec7b330ba42d84666b1f8c58.js, line 2053: unreachable code after return statement
[Parent 15029, Gecko_IOThread] WARNING: pipe error (95): Connection reset by peer: file /build/firefox-wWf_B4/firefox-64.0+build3/ipc/chromium/src/chrome/common/ipc_channel_posix.cc, line 363
[Parent 15029, Gecko_IOThread] WARNING: pipe error (78): Connection reset by peer: file /build/firefox-wWf_B4/firefox-64.0+build3/ipc/chromium/src/chrome/common/ipc_channel_posix.cc, line 363
1545576629372	Marionette	INFO	Stopped listening on port 36085
1545576634769	mozrunner::runner	INFO	Running command: "/usr/bin/firefox" "-marionette" "-foreground" "-no-remote" "-profile" "/tmp/rust_mozprofile.gZURFmawdndt"
1545576635100	addons.webextension.screenshots@mozilla.org	WARN	Loading extension 'screenshots@mozilla.org': Reading manifest: Invalid host permission: resource://pdf.js/
1545576635100	addons.webextension.screenshots@mozilla.org	WARN	Loading extension 'screenshots@mozilla.org': Reading manifest: Invalid host permission: about:reader*

(firefox:15332): Gtk-WARNING **: 15:50:35.327: Theme parsing error: <data>:1:34: Expected ')' in color definition

(firefox:15332): Gtk-WARNING **: 15:50:35.327: Theme parsing error: <data>:1:77: Expected ')' in color definition
1545576636223	Marionette	INFO	Listening on port 38717
1545576636278	Marionette	WARN	TLS certificate errors will be ignored for this session
JavaScript warning: http://localhost:8080/assets/vendor-91842180ec7b330ba42d84666b1f8c58.js, line 2053: unreachable code after return statement
[Parent 15332, Gecko_IOThread] WARNING: pipe error (97): Connection reset by peer: file /build/firefox-wWf_B4/firefox-64.0+build3/ipc/chromium/src/chrome/common/ipc_channel_posix.cc, line 363
[Parent 15332, Gecko_IOThread] WARNING: pipe error (78): Connection reset by peer: file /build/firefox-wWf_B4/firefox-64.0+build3/ipc/chromium/src/chrome/common/ipc_channel_posix.cc, line 363
1545576638761	Marionette	INFO	Stopped listening on port 38717
1545576712290	mozrunner::runner	INFO	Running command: "/usr/bin/firefox" "-marionette" "-foreground" "-no-remote" "-profile" "/tmp/rust_mozprofile.d7azerypKBvV"
1545576712631	addons.webextension.screenshots@mozilla.org	WARN	Loading extension 'screenshots@mozilla.org': Reading manifest: Invalid host permission: resource://pdf.js/
1545576712631	addons.webextension.screenshots@mozilla.org	WARN	Loading extension 'screenshots@mozilla.org': Reading manifest: Invalid host permission: about:reader*

(firefox:15662): Gtk-WARNING **: 15:51:52.848: Theme parsing error: <data>:1:34: Expected ')' in color definition

(firefox:15662): Gtk-WARNING **: 15:51:52.849: Theme parsing error: <data>:1:77: Expected ')' in color definition
1545576713730	Marionette	INFO	Listening on port 38771
1545576713798	Marionette	WARN	TLS certificate errors will be ignored for this session
JavaScript warning: http://localhost:8080/assets/vendor-91842180ec7b330ba42d84666b1f8c58.js, line 2053: unreachable code after return statement
[Parent 15662, Gecko_IOThread] WARNING: pipe error (78): Connection reset by peer: file /build/firefox-wWf_B4/firefox-64.0+build3/ipc/chromium/src/chrome/common/ipc_channel_posix.cc, line 363
[Parent 15662, Gecko_IOThread] WARNING: pipe error (108): Connection reset by peer: file /build/firefox-wWf_B4/firefox-64.0+build3/ipc/chromium/src/chrome/common/ipc_channel_posix.cc, line 363
1545576717051	Marionette	INFO	Stopped listening on port 38771
1545576759897	mozrunner::runner	INFO	Running command: "/usr/bin/firefox" "-marionette" "-foreground" "-no-remote" "-profile" "/tmp/rust_mozprofile.QSrlofwMfhtP"
1545576760238	addons.webextension.screenshots@mozilla.org	WARN	Loading extension 'screenshots@mozilla.org': Reading manifest: Invalid host permission: resource://pdf.js/
1545576760238	addons.webextension.screenshots@mozilla.org	WARN	Loading extension 'screenshots@mozilla.org': Reading manifest: Invalid host permission: about:reader*

(firefox:15973): Gtk-WARNING **: 15:52:40.454: Theme parsing error: <data>:1:34: Expected ')' in color definition

(firefox:15973): Gtk-WARNING **: 15:52:40.454: Theme parsing error: <data>:1:77: Expected ')' in color definition
1545576761342	Marionette	INFO	Listening on port 42277
1545576761408	Marionette	WARN	TLS certificate errors will be ignored for this session
JavaScript warning: http://localhost:8080/assets/vendor-91842180ec7b330ba42d84666b1f8c58.js, line 2053: unreachable code after return statement
[Parent 15973, Gecko_IOThread] WARNING: pipe error (78): Connection reset by peer: file /build/firefox-wWf_B4/firefox-64.0+build3/ipc/chromium/src/chrome/common/ipc_channel_posix.cc, line 363
[Parent 15973, Gecko_IOThread] WARNING: pipe error (92): Connection reset by peer: file /build/firefox-wWf_B4/firefox-64.0+build3/ipc/chromium/src/chrome/common/ipc_channel_posix.cc, line 363
1545576764709	Marionette	INFO	Stopped listening on port 42277
1545577146067	mozrunner::runner	INFO	Running command: "/usr/bin/firefox" "-marionette" "-foreground" "-no-remote" "-profile" "/tmp/rust_mozprofile.94r1OozUSiqS"
1545577146394	addons.webextension.screenshots@mozilla.org	WARN	Loading extension 'screenshots@mozilla.org': Reading manifest: Invalid host permission: resource://pdf.js/
1545577146394	addons.webextension.screenshots@mozilla.org	WARN	Loading extension 'screenshots@mozilla.org': Reading manifest: Invalid host permission: about:reader*

(firefox:16358): Gtk-WARNING **: 15:59:06.616: Theme parsing error: <data>:1:34: Expected ')' in color definition

(firefox:16358): Gtk-WARNING **: 15:59:06.616: Theme parsing error: <data>:1:77: Expected ')' in color definition
1545577147495	Marionette	INFO	Listening on port 35273
1545577147582	Marionette	WARN	TLS certificate errors will be ignored for this session
JavaScript warning: http://localhost:8080/assets/vendor-91842180ec7b330ba42d84666b1f8c58.js, line 2053: unreachable code after return statement
[Parent 16358, Gecko_IOThread] WARNING: pipe error (95): Connection reset by peer: file /build/firefox-wWf_B4/firefox-64.0+build3/ipc/chromium/src/chrome/common/ipc_channel_posix.cc, line 363
[Parent 16358, Gecko_IOThread] WARNING: pipe error (78): Connection reset by peer: file /build/firefox-wWf_B4/firefox-64.0+build3/ipc/chromium/src/chrome/common/ipc_channel_posix.cc, line 363
1545577152741	Marionette	INFO	Stopped listening on port 35273
1545577181991	mozrunner::runner	INFO	Running command: "/usr/bin/firefox" "-marionette" "-foreground" "-no-remote" "-profile" "/tmp/rust_mozprofile.7FKkycwfnQZj"
1545577182320	addons.webextension.screenshots@mozilla.org	WARN	Loading extension 'screenshots@mozilla.org': Reading manifest: Invalid host permission: resource://pdf.js/
1545577182320	addons.webextension.screenshots@mozilla.org	WARN	Loading extension 'screenshots@mozilla.org': Reading manifest: Invalid host permission: about:reader*

(firefox:16688): Gtk-WARNING **: 15:59:42.542: Theme parsing error: <data>:1:34: Expected ')' in color definition

(firefox:16688): Gtk-WARNING **: 15:59:42.543: Theme parsing error: <data>:1:77: Expected ')' in color definition
1545577183445	Marionette	INFO	Listening on port 45401
1545577183501	Marionette	WARN	TLS certificate errors will be ignored for this session
JavaScript warning: http://localhost:8080/assets/vendor-91842180ec7b330ba42d84666b1f8c58.js, line 2053: unreachable code after return statement
[Parent 16688, Gecko_IOThread] WARNING: pipe error (78): Connection reset by peer: file /build/firefox-wWf_B4/firefox-64.0+build3/ipc/chromium/src/chrome/common/ipc_channel_posix.cc, line 363
[Parent 16688, Gecko_IOThread] WARNING: pipe error (84): Connection reset by peer: file /build/firefox-wWf_B4/firefox-64.0+build3/ipc/chromium/src/chrome/common/ipc_channel_posix.cc, line 363
1545577186642	Marionette	INFO	Stopped listening on port 45401
1545577218348	mozrunner::runner	INFO	Running command: "/usr/bin/firefox" "-marionette" "-foreground" "-no-remote" "-profile" "/tmp/rust_mozprofile.VCjwTMn9uaDc"
1545577218674	addons.webextension.screenshots@mozilla.org	WARN	Loading extension 'screenshots@mozilla.org': Reading manifest: Invalid host permission: resource://pdf.js/
1545577218675	addons.webextension.screenshots@mozilla.org	WARN	Loading extension 'screenshots@mozilla.org': Reading manifest: Invalid host permission: about:reader*

(firefox:17034): Gtk-WARNING **: 16:00:18.899: Theme parsing error: <data>:1:34: Expected ')' in color definition

(firefox:17034): Gtk-WARNING **: 16:00:18.899: Theme parsing error: <data>:1:77: Expected ')' in color definition
1545577219770	Marionette	INFO	Listening on port 36941
1545577219863	Marionette	WARN	TLS certificate errors will be ignored for this session
JavaScript warning: http://localhost:8080/assets/vendor-91842180ec7b330ba42d84666b1f8c58.js, line 2053: unreachable code after return statement
[Parent 17034, Gecko_IOThread] WARNING: pipe error (78): Connection reset by peer: file /build/firefox-wWf_B4/firefox-64.0+build3/ipc/chromium/src/chrome/common/ipc_channel_posix.cc, line 363
[Parent 17034, Gecko_IOThread] WARNING: pipe error (97): Connection reset by peer: file /build/firefox-wWf_B4/firefox-64.0+build3/ipc/chromium/src/chrome/common/ipc_channel_posix.cc, line 363
1545577222802	Marionette	INFO	Stopped listening on port 36941
1545577350754	mozrunner::runner	INFO	Running command: "/usr/bin/firefox" "-marionette" "-foreground" "-no-remote" "-profile" "/tmp/rust_mozprofile.eHPaFMxNro1g"
1545577351090	addons.webextension.screenshots@mozilla.org	WARN	Loading extension 'screenshots@mozilla.org': Reading manifest: Invalid host permission: resource://pdf.js/
1545577351090	addons.webextension.screenshots@mozilla.org	WARN	Loading extension 'screenshots@mozilla.org': Reading manifest: Invalid host permission: about:reader*

(firefox:17638): Gtk-WARNING **: 16:02:31.307: Theme parsing error: <data>:1:34: Expected ')' in color definition

(firefox:17638): Gtk-WARNING **: 16:02:31.307: Theme parsing error: <data>:1:77: Expected ')' in color definition
1545577352220	Marionette	INFO	Listening on port 37783
1545577352263	Marionette	WARN	TLS certificate errors will be ignored for this session
JavaScript warning: http://localhost:8080/assets/vendor-91842180ec7b330ba42d84666b1f8c58.js, line 2053: unreachable code after return statement
1545577352663	Marionette	INFO	Stopped listening on port 37783
[Parent 17638, Gecko_IOThread] WARNING: pipe error (78): Connection reset by peer: file /build/firefox-wWf_B4/firefox-64.0+build3/ipc/chromium/src/chrome/common/ipc_channel_posix.cc, line 363
[Parent 17638, Gecko_IOThread] WARNING: pipe error (84): Connection reset by peer: file /build/firefox-wWf_B4/firefox-64.0+build3/ipc/chromium/src/chrome/common/ipc_channel_posix.cc, line 363
1545577364915	mozrunner::runner	INFO	Running command: "/usr/bin/firefox" "-marionette" "-foreground" "-no-remote" "-profile" "/tmp/rust_mozprofile.e931V6vJGMPJ"
1545577365232	addons.webextension.screenshots@mozilla.org	WARN	Loading extension 'screenshots@mozilla.org': Reading manifest: Invalid host permission: resource://pdf.js/
1545577365232	addons.webextension.screenshots@mozilla.org	WARN	Loading extension 'screenshots@mozilla.org': Reading manifest: Invalid host permission: about:reader*

(firefox:17956): Gtk-WARNING **: 16:02:45.449: Theme parsing error: <data>:1:34: Expected ')' in color definition

(firefox:17956): Gtk-WARNING **: 16:02:45.449: Theme parsing error: <data>:1:77: Expected ')' in color definition
1545577366368	Marionette	INFO	Listening on port 37975
1545577366430	Marionette	WARN	TLS certificate errors will be ignored for this session
JavaScript warning: http://localhost:8080/assets/vendor-91842180ec7b330ba42d84666b1f8c58.js, line 2053: unreachable code after return statement
1545577366796	Marionette	INFO	Stopped listening on port 37975
[Parent 17956, Gecko_IOThread] WARNING: pipe error (78): Connection reset by peer: file /build/firefox-wWf_B4/firefox-64.0+build3/ipc/chromium/src/chrome/common/ipc_channel_posix.cc, line 363
[Parent 17956, Gecko_IOThread] WARNING: pipe error (92): Connection reset by peer: file /build/firefox-wWf_B4/firefox-64.0+build3/ipc/chromium/src/chrome/common/ipc_channel_posix.cc, line 363
1545577399113	mozrunner::runner	INFO	Running command: "/usr/bin/firefox" "-marionette" "-foreground" "-no-remote" "-profile" "/tmp/rust_mozprofile.PilZif13RecU"
1545577399445	addons.webextension.screenshots@mozilla.org	WARN	Loading extension 'screenshots@mozilla.org': Reading manifest: Invalid host permission: resource://pdf.js/
1545577399445	addons.webextension.screenshots@mozilla.org	WARN	Loading extension 'screenshots@mozilla.org': Reading manifest: Invalid host permission: about:reader*

(firefox:18281): Gtk-WARNING **: 16:03:19.671: Theme parsing error: <data>:1:34: Expected ')' in color definition

(firefox:18281): Gtk-WARNING **: 16:03:19.671: Theme parsing error: <data>:1:77: Expected ')' in color definition
1545577400594	Marionette	INFO	Listening on port 36431
1545577400624	Marionette	WARN	TLS certificate errors will be ignored for this session
JavaScript warning: http://localhost:8080/assets/vendor-91842180ec7b330ba42d84666b1f8c58.js, line 2053: unreachable code after return statement
1545577401006	Marionette	INFO	Stopped listening on port 36431
[Parent 18281, Gecko_IOThread] WARNING: pipe error (68): Connection reset by peer: file /build/firefox-wWf_B4/firefox-64.0+build3/ipc/chromium/src/chrome/common/ipc_channel_posix.cc, line 363
[Parent 18281, Gecko_IOThread] WARNING: pipe error (78): Connection reset by peer: file /build/firefox-wWf_B4/firefox-64.0+build3/ipc/chromium/src/chrome/common/ipc_channel_posix.cc, line 363
1545577430563	mozrunner::runner	INFO	Running command: "/usr/bin/firefox" "-marionette" "-foreground" "-no-remote" "-profile" "/tmp/rust_mozprofile.uALEaPMQlYYc"
1545577430905	addons.webextension.screenshots@mozilla.org	WARN	Loading extension 'screenshots@mozilla.org': Reading manifest: Invalid host permission: resource://pdf.js/
1545577430905	addons.webextension.screenshots@mozilla.org	WARN	Loading extension 'screenshots@mozilla.org': Reading manifest: Invalid host permission: about:reader*

(firefox:18755): Gtk-WARNING **: 16:03:51.133: Theme parsing error: <data>:1:34: Expected ')' in color definition

(firefox:18755): Gtk-WARNING **: 16:03:51.133: Theme parsing error: <data>:1:77: Expected ')' in color definition
1545577432026	Marionette	INFO	Listening on port 35689
1545577432075	Marionette	WARN	TLS certificate errors will be ignored for this session
JavaScript warning: http://localhost:8080/assets/vendor-91842180ec7b330ba42d84666b1f8c58.js, line 2053: unreachable code after return statement
1545577432413	Marionette	INFO	Stopped listening on port 35689
[Parent 18755, Gecko_IOThread] WARNING: pipe error (78): Connection reset by peer: file /build/firefox-wWf_B4/firefox-64.0+build3/ipc/chromium/src/chrome/common/ipc_channel_posix.cc, line 363
1545577462801	mozrunner::runner	INFO	Running command: "/usr/bin/firefox" "-marionette" "-foreground" "-no-remote" "-profile" "/tmp/rust_mozprofile.AX1FTSYjg2wi"
1545577463123	addons.webextension.screenshots@mozilla.org	WARN	Loading extension 'screenshots@mozilla.org': Reading manifest: Invalid host permission: resource://pdf.js/
1545577463123	addons.webextension.screenshots@mozilla.org	WARN	Loading extension 'screenshots@mozilla.org': Reading manifest: Invalid host permission: about:reader*

(firefox:19080): Gtk-WARNING **: 16:04:23.340: Theme parsing error: <data>:1:34: Expected ')' in color definition

(firefox:19080): Gtk-WARNING **: 16:04:23.340: Theme parsing error: <data>:1:77: Expected ')' in color definition
1545577464238	Marionette	INFO	Listening on port 40759
1545577464307	Marionette	WARN	TLS certificate errors will be ignored for this session
JavaScript warning: http://localhost:8080/assets/vendor-91842180ec7b330ba42d84666b1f8c58.js, line 2053: unreachable code after return statement
1545577464729	Marionette	INFO	Stopped listening on port 40759
[Parent 19080, Gecko_IOThread] WARNING: pipe error (78): Connection reset by peer: file /build/firefox-wWf_B4/firefox-64.0+build3/ipc/chromium/src/chrome/common/ipc_channel_posix.cc, line 363
[Parent 19080, Gecko_IOThread] WARNING: pipe error (95): Connection reset by peer: file /build/firefox-wWf_B4/firefox-64.0+build3/ipc/chromium/src/chrome/common/ipc_channel_posix.cc, line 363
1545577472626	mozrunner::runner	INFO	Running command: "/usr/bin/firefox" "-marionette" "-foreground" "-no-remote" "-profile" "/tmp/rust_mozprofile.eaD6YSzsgLcW"
1545577472951	addons.webextension.screenshots@mozilla.org	WARN	Loading extension 'screenshots@mozilla.org': Reading manifest: Invalid host permission: resource://pdf.js/
1545577472951	addons.webextension.screenshots@mozilla.org	WARN	Loading extension 'screenshots@mozilla.org': Reading manifest: Invalid host permission: about:reader*

(firefox:19442): Gtk-WARNING **: 16:04:33.178: Theme parsing error: <data>:1:34: Expected ')' in color definition

(firefox:19442): Gtk-WARNING **: 16:04:33.178: Theme parsing error: <data>:1:77: Expected ')' in color definition
1545577474058	Marionette	INFO	Listening on port 36635
1545577474135	Marionette	WARN	TLS certificate errors will be ignored for this session
JavaScript warning: http://localhost:8080/assets/vendor-91842180ec7b330ba42d84666b1f8c58.js, line 2053: unreachable code after return statement
1545577474481	Marionette	INFO	Stopped listening on port 36635
[Parent 19442, Gecko_IOThread] WARNING: pipe error (78): Connection reset by peer: file /build/firefox-wWf_B4/firefox-64.0+build3/ipc/chromium/src/chrome/common/ipc_channel_posix.cc, line 363
1545577508678	mozrunner::runner	INFO	Running command: "/usr/bin/firefox" "-marionette" "-foreground" "-no-remote" "-profile" "/tmp/rust_mozprofile.18pdV2YHq1U9"
1545577509012	addons.webextension.screenshots@mozilla.org	WARN	Loading extension 'screenshots@mozilla.org': Reading manifest: Invalid host permission: resource://pdf.js/
1545577509012	addons.webextension.screenshots@mozilla.org	WARN	Loading extension 'screenshots@mozilla.org': Reading manifest: Invalid host permission: about:reader*

(firefox:19805): Gtk-WARNING **: 16:05:09.236: Theme parsing error: <data>:1:34: Expected ')' in color definition

(firefox:19805): Gtk-WARNING **: 16:05:09.236: Theme parsing error: <data>:1:77: Expected ')' in color definition
1545577510137	Marionette	INFO	Listening on port 34261
1545577510192	Marionette	WARN	TLS certificate errors will be ignored for this session
JavaScript warning: http://localhost:8080/assets/vendor-91842180ec7b330ba42d84666b1f8c58.js, line 2053: unreachable code after return statement
1545577510525	Marionette	INFO	Stopped listening on port 34261
[Parent 19805, Gecko_IOThread] WARNING: pipe error (78): Connection reset by peer: file /build/firefox-wWf_B4/firefox-64.0+build3/ipc/chromium/src/chrome/common/ipc_channel_posix.cc, line 363
1545577511792	mozrunner::runner	INFO	Running command: "/usr/bin/firefox" "-marionette" "-foreground" "-no-remote" "-profile" "/tmp/rust_mozprofile.Ms9FBVjXsmUV"
1545577512134	addons.webextension.screenshots@mozilla.org	WARN	Loading extension 'screenshots@mozilla.org': Reading manifest: Invalid host permission: resource://pdf.js/
1545577512134	addons.webextension.screenshots@mozilla.org	WARN	Loading extension 'screenshots@mozilla.org': Reading manifest: Invalid host permission: about:reader*

(firefox:20109): Gtk-WARNING **: 16:05:12.359: Theme parsing error: <data>:1:34: Expected ')' in color definition

(firefox:20109): Gtk-WARNING **: 16:05:12.359: Theme parsing error: <data>:1:77: Expected ')' in color definition
1545577513231	Marionette	INFO	Listening on port 44439
1545577513302	Marionette	WARN	TLS certificate errors will be ignored for this session
JavaScript warning: http://localhost:8080/assets/vendor-91842180ec7b330ba42d84666b1f8c58.js, line 2053: unreachable code after return statement
1545577513628	Marionette	INFO	Stopped listening on port 44439
[Parent 20109, Gecko_IOThread] WARNING: pipe error (78): Connection reset by peer: file /build/firefox-wWf_B4/firefox-64.0+build3/ipc/chromium/src/chrome/common/ipc_channel_posix.cc, line 363
1545577607628	mozrunner::runner	INFO	Running command: "/usr/bin/firefox" "-marionette" "-foreground" "-no-remote" "-profile" "/tmp/rust_mozprofile.5jUUp1puz8nm"
1545577607965	addons.webextension.screenshots@mozilla.org	WARN	Loading extension 'screenshots@mozilla.org': Reading manifest: Invalid host permission: resource://pdf.js/
1545577607966	addons.webextension.screenshots@mozilla.org	WARN	Loading extension 'screenshots@mozilla.org': Reading manifest: Invalid host permission: about:reader*

(firefox:21981): Gtk-WARNING **: 16:06:48.180: Theme parsing error: <data>:1:34: Expected ')' in color definition

(firefox:21981): Gtk-WARNING **: 16:06:48.180: Theme parsing error: <data>:1:77: Expected ')' in color definition
1545577609067	Marionette	INFO	Listening on port 33519
1545577609136	Marionette	WARN	TLS certificate errors will be ignored for this session
JavaScript warning: http://localhost:8080/assets/vendor-91842180ec7b330ba42d84666b1f8c58.js, line 2053: unreachable code after return statement
1545577609471	Marionette	INFO	Stopped listening on port 33519
[Parent 21981, Gecko_IOThread] WARNING: pipe error (78): Connection reset by peer: file /build/firefox-wWf_B4/firefox-64.0+build3/ipc/chromium/src/chrome/common/ipc_channel_posix.cc, line 363
